[GIN-debug] [WARNING] Running in "debug" mode. Switch to "release" mode in production.
 - using env:	export GIN_MODE=release
 - using code:	gin.SetMode(gin.ReleaseMode)

[GIN-debug] GET    /public/static/images/*filepath --> github.com/gin-gonic/gin.(*RouterGroup).createStaticHandler.func1 (3 handlers)
[GIN-debug] HEAD   /public/static/images/*filepath --> github.com/gin-gonic/gin.(*RouterGroup).createStaticHandler.func1 (3 handlers)
[GIN-debug] GET    /                         --> acc/routers.InitRouter.func1 (3 handlers)
[GIN-debug] GET    /swagger/*any             --> github.com/swaggo/gin-swagger.CustomWrapHandler.func1 (3 handlers)
[GIN-debug] POST   /api/v1/login             --> acc/app/api.UserLogin (3 handlers)
[GIN-debug] POST   /api/v1/tag/add           --> acc/app/api.TagAdd (3 handlers)
[GIN-debug] PUT    /api/v1/tag/delete        --> acc/app/api.TagDelete (3 handlers)
[GIN-debug] POST   /api/v1/tag/update        --> acc/app/api.TagUpdate (3 handlers)
[GIN-debug] POST   /api/v1/tag/list/query/:page --> acc/app/api.TagQuery (3 handlers)
[GIN-debug] GET    /api/v1/tag/list/:page    --> acc/app/api.TagList (3 handlers)
[GIN-debug] GET    /api/v1/user/info         --> acc/app/api.UserGetInfo (4 handlers)
[GIN-debug] GET    /api/v1/user/list/:page   --> acc/app/api.UserList (4 handlers)
[GIN-debug] GET    /api/v1/user/token/parse  --> acc/app/api.UserTokenParse (4 handlers)
[GIN-debug] PUT    /api/v1/todo/delete       --> acc/app/api.TodoDelete (4 handlers)
[GIN-debug] POST   /api/v1/todo/update       --> acc/app/api.TodoUpdate (4 handlers)
[GIN-debug] POST   /api/v1/todo/list/query/:page --> acc/app/api.TodoQuery (4 handlers)
[GIN-debug] GET    /api/v1/todo/list/:page   --> acc/app/api.TodoList (4 handlers)
[GIN-debug] POST   /api/v1/todo/add          --> acc/app/api.TodoAdd (4 handlers)
[DEBUG][todoService.go:16]2022/11/10 20:07:50 [----> {0 0x140006008c8 0x14000600f20 0x14000600ec8 0x1400060a520 0x1400060a510 2022-11-16 16:00:00 +0000 UTC}]
[DEBUG][todoService.go:34]2022/11/10 20:07:50 [Error 1062: Duplicate entry 'string' for key 'tag.name']
[GIN-debug] [WARNING] Running in "debug" mode. Switch to "release" mode in production.
 - using env:	export GIN_MODE=release
 - using code:	gin.SetMode(gin.ReleaseMode)

[GIN-debug] GET    /public/static/images/*filepath --> github.com/gin-gonic/gin.(*RouterGroup).createStaticHandler.func1 (3 handlers)
[GIN-debug] HEAD   /public/static/images/*filepath --> github.com/gin-gonic/gin.(*RouterGroup).createStaticHandler.func1 (3 handlers)
[GIN-debug] GET    /                         --> acc/routers.InitRouter.func1 (3 handlers)
[GIN-debug] GET    /swagger/*any             --> github.com/swaggo/gin-swagger.CustomWrapHandler.func1 (3 handlers)
[GIN-debug] POST   /api/v1/login             --> acc/app/api.UserLogin (3 handlers)
[GIN-debug] POST   /api/v1/tag/add           --> acc/app/api.TagAdd (3 handlers)
[GIN-debug] PUT    /api/v1/tag/delete        --> acc/app/api.TagDelete (3 handlers)
[GIN-debug] POST   /api/v1/tag/update        --> acc/app/api.TagUpdate (3 handlers)
[GIN-debug] POST   /api/v1/tag/list/query/:page --> acc/app/api.TagQuery (3 handlers)
[GIN-debug] GET    /api/v1/tag/list/:page    --> acc/app/api.TagList (3 handlers)
[GIN-debug] GET    /api/v1/user/info         --> acc/app/api.UserGetInfo (4 handlers)
[GIN-debug] GET    /api/v1/user/list/:page   --> acc/app/api.UserList (4 handlers)
[GIN-debug] GET    /api/v1/user/token/parse  --> acc/app/api.UserTokenParse (4 handlers)
[GIN-debug] PUT    /api/v1/todo/delete       --> acc/app/api.TodoDelete (4 handlers)
[GIN-debug] POST   /api/v1/todo/update       --> acc/app/api.TodoUpdate (4 handlers)
[GIN-debug] POST   /api/v1/todo/list/query/:page --> acc/app/api.TodoQuery (4 handlers)
[GIN-debug] GET    /api/v1/todo/list/:page   --> acc/app/api.TodoList (4 handlers)
[GIN-debug] POST   /api/v1/todo/add          --> acc/app/api.TodoAdd (4 handlers)
[DEBUG][todoService.go:16]2022/11/10 20:08:56 [----> {0 0x1400003d7c0 0x1400003dac8 0x1400003dac0 0x140000b4380 0x140000b4370 2022-11-16 16:00:00 +0000 UTC}]
[DEBUG][todoService.go:34]2022/11/10 20:08:56 [Error 1062: Duplicate entry 'string' for key 'tag.name']
[GIN-debug] [WARNING] Running in "debug" mode. Switch to "release" mode in production.
 - using env:	export GIN_MODE=release
 - using code:	gin.SetMode(gin.ReleaseMode)

[GIN-debug] GET    /public/static/images/*filepath --> github.com/gin-gonic/gin.(*RouterGroup).createStaticHandler.func1 (3 handlers)
[GIN-debug] HEAD   /public/static/images/*filepath --> github.com/gin-gonic/gin.(*RouterGroup).createStaticHandler.func1 (3 handlers)
[GIN-debug] GET    /                         --> acc/routers.InitRouter.func1 (3 handlers)
[GIN-debug] GET    /swagger/*any             --> github.com/swaggo/gin-swagger.CustomWrapHandler.func1 (3 handlers)
[GIN-debug] POST   /api/v1/login             --> acc/app/api.UserLogin (3 handlers)
[GIN-debug] POST   /api/v1/tag/add           --> acc/app/api.TagAdd (3 handlers)
[GIN-debug] PUT    /api/v1/tag/delete        --> acc/app/api.TagDelete (3 handlers)
[GIN-debug] POST   /api/v1/tag/update        --> acc/app/api.TagUpdate (3 handlers)
[GIN-debug] POST   /api/v1/tag/list/query/:page --> acc/app/api.TagQuery (3 handlers)
[GIN-debug] GET    /api/v1/tag/list/:page    --> acc/app/api.TagList (3 handlers)
[GIN-debug] GET    /api/v1/user/info         --> acc/app/api.UserGetInfo (4 handlers)
[GIN-debug] GET    /api/v1/user/list/:page   --> acc/app/api.UserList (4 handlers)
[GIN-debug] GET    /api/v1/user/token/parse  --> acc/app/api.UserTokenParse (4 handlers)
[GIN-debug] PUT    /api/v1/todo/delete       --> acc/app/api.TodoDelete (4 handlers)
[GIN-debug] POST   /api/v1/todo/update       --> acc/app/api.TodoUpdate (4 handlers)
[GIN-debug] POST   /api/v1/todo/list/query/:page --> acc/app/api.TodoQuery (4 handlers)
[GIN-debug] GET    /api/v1/todo/list/:page   --> acc/app/api.TodoList (4 handlers)
[GIN-debug] POST   /api/v1/todo/add          --> acc/app/api.TodoAdd (4 handlers)
[DEBUG][todoService.go:16]2022/11/10 20:09:29 [----> 0x140004d8f50]
[DEBUG][todoService.go:34]2022/11/10 20:09:29 [Error 1062: Duplicate entry 'string' for key 'tag.name']
[GIN-debug] [WARNING] Running in "debug" mode. Switch to "release" mode in production.
 - using env:	export GIN_MODE=release
 - using code:	gin.SetMode(gin.ReleaseMode)

[GIN-debug] GET    /public/static/images/*filepath --> github.com/gin-gonic/gin.(*RouterGroup).createStaticHandler.func1 (3 handlers)
[GIN-debug] HEAD   /public/static/images/*filepath --> github.com/gin-gonic/gin.(*RouterGroup).createStaticHandler.func1 (3 handlers)
[GIN-debug] GET    /                         --> acc/routers.InitRouter.func1 (3 handlers)
[GIN-debug] GET    /swagger/*any             --> github.com/swaggo/gin-swagger.CustomWrapHandler.func1 (3 handlers)
[GIN-debug] POST   /api/v1/login             --> acc/app/api.UserLogin (3 handlers)
[GIN-debug] POST   /api/v1/tag/add           --> acc/app/api.TagAdd (3 handlers)
[GIN-debug] PUT    /api/v1/tag/delete        --> acc/app/api.TagDelete (3 handlers)
[GIN-debug] POST   /api/v1/tag/update        --> acc/app/api.TagUpdate (3 handlers)
[GIN-debug] POST   /api/v1/tag/list/query/:page --> acc/app/api.TagQuery (3 handlers)
[GIN-debug] GET    /api/v1/tag/list/:page    --> acc/app/api.TagList (3 handlers)
[GIN-debug] GET    /api/v1/user/info         --> acc/app/api.UserGetInfo (4 handlers)
[GIN-debug] GET    /api/v1/user/list/:page   --> acc/app/api.UserList (4 handlers)
[GIN-debug] GET    /api/v1/user/token/parse  --> acc/app/api.UserTokenParse (4 handlers)
[GIN-debug] PUT    /api/v1/todo/delete       --> acc/app/api.TodoDelete (4 handlers)
[GIN-debug] POST   /api/v1/todo/update       --> acc/app/api.TodoUpdate (4 handlers)
[GIN-debug] POST   /api/v1/todo/list/query/:page --> acc/app/api.TodoQuery (4 handlers)
[GIN-debug] GET    /api/v1/todo/list/:page   --> acc/app/api.TodoList (4 handlers)
[GIN-debug] POST   /api/v1/todo/add          --> acc/app/api.TodoAdd (4 handlers)
[DEBUG][todoService.go:35]2022/11/10 20:10:13 [Error 1062: Duplicate entry 'string' for key 'tag.name']
[GIN-debug] [WARNING] Running in "debug" mode. Switch to "release" mode in production.
 - using env:	export GIN_MODE=release
 - using code:	gin.SetMode(gin.ReleaseMode)

[GIN-debug] GET    /public/static/images/*filepath --> github.com/gin-gonic/gin.(*RouterGroup).createStaticHandler.func1 (3 handlers)
[GIN-debug] HEAD   /public/static/images/*filepath --> github.com/gin-gonic/gin.(*RouterGroup).createStaticHandler.func1 (3 handlers)
[GIN-debug] GET    /                         --> acc/routers.InitRouter.func1 (3 handlers)
[GIN-debug] GET    /swagger/*any             --> github.com/swaggo/gin-swagger.CustomWrapHandler.func1 (3 handlers)
[GIN-debug] POST   /api/v1/login             --> acc/app/api.UserLogin (3 handlers)
[GIN-debug] POST   /api/v1/tag/add           --> acc/app/api.TagAdd (3 handlers)
[GIN-debug] PUT    /api/v1/tag/delete        --> acc/app/api.TagDelete (3 handlers)
[GIN-debug] POST   /api/v1/tag/update        --> acc/app/api.TagUpdate (3 handlers)
[GIN-debug] POST   /api/v1/tag/list/query/:page --> acc/app/api.TagQuery (3 handlers)
[GIN-debug] GET    /api/v1/tag/list/:page    --> acc/app/api.TagList (3 handlers)
[GIN-debug] GET    /api/v1/user/info         --> acc/app/api.UserGetInfo (4 handlers)
[GIN-debug] GET    /api/v1/user/list/:page   --> acc/app/api.UserList (4 handlers)
[GIN-debug] GET    /api/v1/user/token/parse  --> acc/app/api.UserTokenParse (4 handlers)
[GIN-debug] PUT    /api/v1/todo/delete       --> acc/app/api.TodoDelete (4 handlers)
[GIN-debug] POST   /api/v1/todo/update       --> acc/app/api.TodoUpdate (4 handlers)
[GIN-debug] POST   /api/v1/todo/list/query/:page --> acc/app/api.TodoQuery (4 handlers)
[GIN-debug] GET    /api/v1/todo/list/:page   --> acc/app/api.TodoList (4 handlers)
[GIN-debug] POST   /api/v1/todo/add          --> acc/app/api.TodoAdd (4 handlers)
[DEBUG][todoService.go:35]2022/11/10 20:10:42 [Error 1062: Duplicate entry 'string' for key 'tag.name']
[GIN-debug] [WARNING] Running in "debug" mode. Switch to "release" mode in production.
 - using env:	export GIN_MODE=release
 - using code:	gin.SetMode(gin.ReleaseMode)

[GIN-debug] GET    /public/static/images/*filepath --> github.com/gin-gonic/gin.(*RouterGroup).createStaticHandler.func1 (3 handlers)
[GIN-debug] HEAD   /public/static/images/*filepath --> github.com/gin-gonic/gin.(*RouterGroup).createStaticHandler.func1 (3 handlers)
[GIN-debug] GET    /                         --> acc/routers.InitRouter.func1 (3 handlers)
[GIN-debug] GET    /swagger/*any             --> github.com/swaggo/gin-swagger.CustomWrapHandler.func1 (3 handlers)
[GIN-debug] POST   /api/v1/login             --> acc/app/api.UserLogin (3 handlers)
[GIN-debug] POST   /api/v1/tag/add           --> acc/app/api.TagAdd (3 handlers)
[GIN-debug] PUT    /api/v1/tag/delete        --> acc/app/api.TagDelete (3 handlers)
[GIN-debug] POST   /api/v1/tag/update        --> acc/app/api.TagUpdate (3 handlers)
[GIN-debug] POST   /api/v1/tag/list/query/:page --> acc/app/api.TagQuery (3 handlers)
[GIN-debug] GET    /api/v1/tag/list/:page    --> acc/app/api.TagList (3 handlers)
[GIN-debug] GET    /api/v1/user/info         --> acc/app/api.UserGetInfo (4 handlers)
[GIN-debug] GET    /api/v1/user/list/:page   --> acc/app/api.UserList (4 handlers)
[GIN-debug] GET    /api/v1/user/token/parse  --> acc/app/api.UserTokenParse (4 handlers)
[GIN-debug] PUT    /api/v1/todo/delete       --> acc/app/api.TodoDelete (4 handlers)
[GIN-debug] POST   /api/v1/todo/update       --> acc/app/api.TodoUpdate (4 handlers)
[GIN-debug] POST   /api/v1/todo/list/query/:page --> acc/app/api.TodoQuery (4 handlers)
[GIN-debug] GET    /api/v1/todo/list/:page   --> acc/app/api.TodoList (4 handlers)
[GIN-debug] POST   /api/v1/todo/add          --> acc/app/api.TodoAdd (4 handlers)
[DEBUG][todoService.go:35]2022/11/10 20:11:03 [Error 1062: Duplicate entry 'string' for key 'tag.name']
[GIN-debug] [WARNING] Running in "debug" mode. Switch to "release" mode in production.
 - using env:	export GIN_MODE=release
 - using code:	gin.SetMode(gin.ReleaseMode)

[GIN-debug] GET    /public/static/images/*filepath --> github.com/gin-gonic/gin.(*RouterGroup).createStaticHandler.func1 (3 handlers)
[GIN-debug] HEAD   /public/static/images/*filepath --> github.com/gin-gonic/gin.(*RouterGroup).createStaticHandler.func1 (3 handlers)
[GIN-debug] GET    /                         --> acc/routers.InitRouter.func1 (3 handlers)
[GIN-debug] GET    /swagger/*any             --> github.com/swaggo/gin-swagger.CustomWrapHandler.func1 (3 handlers)
[GIN-debug] POST   /api/v1/login             --> acc/app/api.UserLogin (3 handlers)
[GIN-debug] POST   /api/v1/tag/add           --> acc/app/api.TagAdd (3 handlers)
[GIN-debug] PUT    /api/v1/tag/delete        --> acc/app/api.TagDelete (3 handlers)
[GIN-debug] POST   /api/v1/tag/update        --> acc/app/api.TagUpdate (3 handlers)
[GIN-debug] POST   /api/v1/tag/list/query/:page --> acc/app/api.TagQuery (3 handlers)
[GIN-debug] GET    /api/v1/tag/list/:page    --> acc/app/api.TagList (3 handlers)
[GIN-debug] GET    /api/v1/user/info         --> acc/app/api.UserGetInfo (4 handlers)
[GIN-debug] GET    /api/v1/user/list/:page   --> acc/app/api.UserList (4 handlers)
[GIN-debug] GET    /api/v1/user/token/parse  --> acc/app/api.UserTokenParse (4 handlers)
[GIN-debug] PUT    /api/v1/todo/delete       --> acc/app/api.TodoDelete (4 handlers)
[GIN-debug] POST   /api/v1/todo/update       --> acc/app/api.TodoUpdate (4 handlers)
[GIN-debug] POST   /api/v1/todo/list/query/:page --> acc/app/api.TodoQuery (4 handlers)
[GIN-debug] GET    /api/v1/todo/list/:page   --> acc/app/api.TodoList (4 handlers)
[GIN-debug] POST   /api/v1/todo/add          --> acc/app/api.TodoAdd (4 handlers)
[DEBUG][todoService.go:35]2022/11/10 20:11:15 [Error 1062: Duplicate entry 'string' for key 'tag.name']
[GIN-debug] [WARNING] Running in "debug" mode. Switch to "release" mode in production.
 - using env:	export GIN_MODE=release
 - using code:	gin.SetMode(gin.ReleaseMode)

[GIN-debug] GET    /public/static/images/*filepath --> github.com/gin-gonic/gin.(*RouterGroup).createStaticHandler.func1 (3 handlers)
[GIN-debug] HEAD   /public/static/images/*filepath --> github.com/gin-gonic/gin.(*RouterGroup).createStaticHandler.func1 (3 handlers)
[GIN-debug] GET    /                         --> acc/routers.InitRouter.func1 (3 handlers)
[GIN-debug] GET    /swagger/*any             --> github.com/swaggo/gin-swagger.CustomWrapHandler.func1 (3 handlers)
[GIN-debug] POST   /api/v1/login             --> acc/app/api.UserLogin (3 handlers)
[GIN-debug] POST   /api/v1/tag/add           --> acc/app/api.TagAdd (3 handlers)
[GIN-debug] PUT    /api/v1/tag/delete        --> acc/app/api.TagDelete (3 handlers)
[GIN-debug] POST   /api/v1/tag/update        --> acc/app/api.TagUpdate (3 handlers)
[GIN-debug] POST   /api/v1/tag/list/query/:page --> acc/app/api.TagQuery (3 handlers)
[GIN-debug] GET    /api/v1/tag/list/:page    --> acc/app/api.TagList (3 handlers)
[GIN-debug] GET    /api/v1/user/info         --> acc/app/api.UserGetInfo (4 handlers)
[GIN-debug] GET    /api/v1/user/list/:page   --> acc/app/api.UserList (4 handlers)
[GIN-debug] GET    /api/v1/user/token/parse  --> acc/app/api.UserTokenParse (4 handlers)
[GIN-debug] PUT    /api/v1/todo/delete       --> acc/app/api.TodoDelete (4 handlers)
[GIN-debug] POST   /api/v1/todo/update       --> acc/app/api.TodoUpdate (4 handlers)
[GIN-debug] POST   /api/v1/todo/list/query/:page --> acc/app/api.TodoQuery (4 handlers)
[GIN-debug] GET    /api/v1/todo/list/:page   --> acc/app/api.TodoList (4 handlers)
[GIN-debug] POST   /api/v1/todo/add          --> acc/app/api.TodoAdd (4 handlers)
[DEBUG][todoService.go:35]2022/11/10 20:11:39 [Error 1062: Duplicate entry 'string' for key 'tag.name']
[GIN-debug] [WARNING] Running in "debug" mode. Switch to "release" mode in production.
 - using env:	export GIN_MODE=release
 - using code:	gin.SetMode(gin.ReleaseMode)

[GIN-debug] GET    /public/static/images/*filepath --> github.com/gin-gonic/gin.(*RouterGroup).createStaticHandler.func1 (3 handlers)
[GIN-debug] HEAD   /public/static/images/*filepath --> github.com/gin-gonic/gin.(*RouterGroup).createStaticHandler.func1 (3 handlers)
[GIN-debug] GET    /                         --> acc/routers.InitRouter.func1 (3 handlers)
[GIN-debug] GET    /swagger/*any             --> github.com/swaggo/gin-swagger.CustomWrapHandler.func1 (3 handlers)
[GIN-debug] POST   /api/v1/login             --> acc/app/api.UserLogin (3 handlers)
[GIN-debug] POST   /api/v1/tag/add           --> acc/app/api.TagAdd (3 handlers)
[GIN-debug] PUT    /api/v1/tag/delete        --> acc/app/api.TagDelete (3 handlers)
[GIN-debug] POST   /api/v1/tag/update        --> acc/app/api.TagUpdate (3 handlers)
[GIN-debug] POST   /api/v1/tag/list/query/:page --> acc/app/api.TagQuery (3 handlers)
[GIN-debug] GET    /api/v1/tag/list/:page    --> acc/app/api.TagList (3 handlers)
[GIN-debug] GET    /api/v1/user/info         --> acc/app/api.UserGetInfo (4 handlers)
[GIN-debug] GET    /api/v1/user/list/:page   --> acc/app/api.UserList (4 handlers)
[GIN-debug] GET    /api/v1/user/token/parse  --> acc/app/api.UserTokenParse (4 handlers)
[GIN-debug] PUT    /api/v1/todo/delete       --> acc/app/api.TodoDelete (4 handlers)
[GIN-debug] POST   /api/v1/todo/update       --> acc/app/api.TodoUpdate (4 handlers)
[GIN-debug] POST   /api/v1/todo/list/query/:page --> acc/app/api.TodoQuery (4 handlers)
[GIN-debug] GET    /api/v1/todo/list/:page   --> acc/app/api.TodoList (4 handlers)
[GIN-debug] POST   /api/v1/todo/add          --> acc/app/api.TodoAdd (4 handlers)
[DEBUG][todoService.go:35]2022/11/10 20:12:21 [Error 1062: Duplicate entry 'string' for key 'tag.name']
[GIN-debug] [WARNING] Running in "debug" mode. Switch to "release" mode in production.
 - using env:	export GIN_MODE=release
 - using code:	gin.SetMode(gin.ReleaseMode)

[GIN-debug] GET    /public/static/images/*filepath --> github.com/gin-gonic/gin.(*RouterGroup).createStaticHandler.func1 (3 handlers)
[GIN-debug] HEAD   /public/static/images/*filepath --> github.com/gin-gonic/gin.(*RouterGroup).createStaticHandler.func1 (3 handlers)
[GIN-debug] GET    /                         --> acc/routers.InitRouter.func1 (3 handlers)
[GIN-debug] GET    /swagger/*any             --> github.com/swaggo/gin-swagger.CustomWrapHandler.func1 (3 handlers)
[GIN-debug] POST   /api/v1/login             --> acc/app/api.UserLogin (3 handlers)
[GIN-debug] POST   /api/v1/tag/add           --> acc/app/api.TagAdd (3 handlers)
[GIN-debug] PUT    /api/v1/tag/delete        --> acc/app/api.TagDelete (3 handlers)
[GIN-debug] POST   /api/v1/tag/update        --> acc/app/api.TagUpdate (3 handlers)
[GIN-debug] POST   /api/v1/tag/list/query/:page --> acc/app/api.TagQuery (3 handlers)
[GIN-debug] GET    /api/v1/tag/list/:page    --> acc/app/api.TagList (3 handlers)
[GIN-debug] GET    /api/v1/user/info         --> acc/app/api.UserGetInfo (4 handlers)
[GIN-debug] GET    /api/v1/user/list/:page   --> acc/app/api.UserList (4 handlers)
[GIN-debug] GET    /api/v1/user/token/parse  --> acc/app/api.UserTokenParse (4 handlers)
[GIN-debug] PUT    /api/v1/todo/delete       --> acc/app/api.TodoDelete (4 handlers)
[GIN-debug] POST   /api/v1/todo/update       --> acc/app/api.TodoUpdate (4 handlers)
[GIN-debug] POST   /api/v1/todo/list/query/:page --> acc/app/api.TodoQuery (4 handlers)
[GIN-debug] GET    /api/v1/todo/list/:page   --> acc/app/api.TodoList (4 handlers)
[GIN-debug] POST   /api/v1/todo/add          --> acc/app/api.TodoAdd (4 handlers)
[DEBUG][todoService.go:35]2022/11/10 20:12:45 [Error 1062: Duplicate entry 'string' for key 'tag.name']
[GIN-debug] [WARNING] Running in "debug" mode. Switch to "release" mode in production.
 - using env:	export GIN_MODE=release
 - using code:	gin.SetMode(gin.ReleaseMode)

[GIN-debug] GET    /public/static/images/*filepath --> github.com/gin-gonic/gin.(*RouterGroup).createStaticHandler.func1 (3 handlers)
[GIN-debug] HEAD   /public/static/images/*filepath --> github.com/gin-gonic/gin.(*RouterGroup).createStaticHandler.func1 (3 handlers)
[GIN-debug] GET    /                         --> acc/routers.InitRouter.func1 (3 handlers)
[GIN-debug] GET    /swagger/*any             --> github.com/swaggo/gin-swagger.CustomWrapHandler.func1 (3 handlers)
[GIN-debug] POST   /api/v1/login             --> acc/app/api.UserLogin (3 handlers)
[GIN-debug] POST   /api/v1/tag/add           --> acc/app/api.TagAdd (3 handlers)
[GIN-debug] PUT    /api/v1/tag/delete        --> acc/app/api.TagDelete (3 handlers)
[GIN-debug] POST   /api/v1/tag/update        --> acc/app/api.TagUpdate (3 handlers)
[GIN-debug] POST   /api/v1/tag/list/query/:page --> acc/app/api.TagQuery (3 handlers)
[GIN-debug] GET    /api/v1/tag/list/:page    --> acc/app/api.TagList (3 handlers)
[GIN-debug] GET    /api/v1/user/info         --> acc/app/api.UserGetInfo (4 handlers)
[GIN-debug] GET    /api/v1/user/list/:page   --> acc/app/api.UserList (4 handlers)
[GIN-debug] GET    /api/v1/user/token/parse  --> acc/app/api.UserTokenParse (4 handlers)
[GIN-debug] PUT    /api/v1/todo/delete       --> acc/app/api.TodoDelete (4 handlers)
[GIN-debug] POST   /api/v1/todo/update       --> acc/app/api.TodoUpdate (4 handlers)
[GIN-debug] POST   /api/v1/todo/list/query/:page --> acc/app/api.TodoQuery (4 handlers)
[GIN-debug] GET    /api/v1/todo/list/:page   --> acc/app/api.TodoList (4 handlers)
[GIN-debug] POST   /api/v1/todo/add          --> acc/app/api.TodoAdd (4 handlers)
[DEBUG][todoService.go:35]2022/11/10 20:18:26 [Error 1062: Duplicate entry 'string' for key 'tag.name']
[GIN-debug] [WARNING] Running in "debug" mode. Switch to "release" mode in production.
 - using env:	export GIN_MODE=release
 - using code:	gin.SetMode(gin.ReleaseMode)

[GIN-debug] GET    /public/static/images/*filepath --> github.com/gin-gonic/gin.(*RouterGroup).createStaticHandler.func1 (3 handlers)
[GIN-debug] HEAD   /public/static/images/*filepath --> github.com/gin-gonic/gin.(*RouterGroup).createStaticHandler.func1 (3 handlers)
[GIN-debug] GET    /                         --> acc/routers.InitRouter.func1 (3 handlers)
[GIN-debug] GET    /swagger/*any             --> github.com/swaggo/gin-swagger.CustomWrapHandler.func1 (3 handlers)
[GIN-debug] POST   /api/v1/login             --> acc/app/api.UserLogin (3 handlers)
[GIN-debug] POST   /api/v1/tag/add           --> acc/app/api.TagAdd (3 handlers)
[GIN-debug] PUT    /api/v1/tag/delete        --> acc/app/api.TagDelete (3 handlers)
[GIN-debug] POST   /api/v1/tag/update        --> acc/app/api.TagUpdate (3 handlers)
[GIN-debug] POST   /api/v1/tag/list/query/:page --> acc/app/api.TagQuery (3 handlers)
[GIN-debug] GET    /api/v1/tag/list/:page    --> acc/app/api.TagList (3 handlers)
[GIN-debug] GET    /api/v1/user/info         --> acc/app/api.UserGetInfo (4 handlers)
[GIN-debug] GET    /api/v1/user/list/:page   --> acc/app/api.UserList (4 handlers)
[GIN-debug] GET    /api/v1/user/token/parse  --> acc/app/api.UserTokenParse (4 handlers)
[GIN-debug] PUT    /api/v1/todo/delete       --> acc/app/api.TodoDelete (4 handlers)
[GIN-debug] POST   /api/v1/todo/update       --> acc/app/api.TodoUpdate (4 handlers)
[GIN-debug] POST   /api/v1/todo/list/query/:page --> acc/app/api.TodoQuery (4 handlers)
[GIN-debug] GET    /api/v1/todo/list/:page   --> acc/app/api.TodoList (4 handlers)
[GIN-debug] POST   /api/v1/todo/add          --> acc/app/api.TodoAdd (4 handlers)
[DEBUG][todoService.go:35]2022/11/10 20:18:53 [Error 1062: Duplicate entry 'string' for key 'tag.name']
[GIN-debug] [WARNING] Running in "debug" mode. Switch to "release" mode in production.
 - using env:	export GIN_MODE=release
 - using code:	gin.SetMode(gin.ReleaseMode)

[GIN-debug] GET    /public/static/images/*filepath --> github.com/gin-gonic/gin.(*RouterGroup).createStaticHandler.func1 (3 handlers)
[GIN-debug] HEAD   /public/static/images/*filepath --> github.com/gin-gonic/gin.(*RouterGroup).createStaticHandler.func1 (3 handlers)
[GIN-debug] GET    /                         --> acc/routers.InitRouter.func1 (3 handlers)
[GIN-debug] GET    /swagger/*any             --> github.com/swaggo/gin-swagger.CustomWrapHandler.func1 (3 handlers)
[GIN-debug] POST   /api/v1/login             --> acc/app/api.UserLogin (3 handlers)
[GIN-debug] POST   /api/v1/tag/add           --> acc/app/api.TagAdd (3 handlers)
[GIN-debug] PUT    /api/v1/tag/delete        --> acc/app/api.TagDelete (3 handlers)
[GIN-debug] POST   /api/v1/tag/update        --> acc/app/api.TagUpdate (3 handlers)
[GIN-debug] POST   /api/v1/tag/list/query/:page --> acc/app/api.TagQuery (3 handlers)
[GIN-debug] GET    /api/v1/tag/list/:page    --> acc/app/api.TagList (3 handlers)
[GIN-debug] GET    /api/v1/user/info         --> acc/app/api.UserGetInfo (4 handlers)
[GIN-debug] GET    /api/v1/user/list/:page   --> acc/app/api.UserList (4 handlers)
[GIN-debug] GET    /api/v1/user/token/parse  --> acc/app/api.UserTokenParse (4 handlers)
[GIN-debug] PUT    /api/v1/todo/delete       --> acc/app/api.TodoDelete (4 handlers)
[GIN-debug] POST   /api/v1/todo/update       --> acc/app/api.TodoUpdate (4 handlers)
[GIN-debug] POST   /api/v1/todo/list/query/:page --> acc/app/api.TodoQuery (4 handlers)
[GIN-debug] GET    /api/v1/todo/list/:page   --> acc/app/api.TodoList (4 handlers)
[GIN-debug] POST   /api/v1/todo/add          --> acc/app/api.TodoAdd (4 handlers)
[GIN-debug] [WARNING] Running in "debug" mode. Switch to "release" mode in production.
 - using env:	export GIN_MODE=release
 - using code:	gin.SetMode(gin.ReleaseMode)

[GIN-debug] GET    /public/static/images/*filepath --> github.com/gin-gonic/gin.(*RouterGroup).createStaticHandler.func1 (3 handlers)
[GIN-debug] HEAD   /public/static/images/*filepath --> github.com/gin-gonic/gin.(*RouterGroup).createStaticHandler.func1 (3 handlers)
[GIN-debug] GET    /                         --> acc/routers.InitRouter.func1 (3 handlers)
[GIN-debug] GET    /swagger/*any             --> github.com/swaggo/gin-swagger.CustomWrapHandler.func1 (3 handlers)
[GIN-debug] POST   /api/v1/login             --> acc/app/api.UserLogin (3 handlers)
[GIN-debug] POST   /api/v1/tag/add           --> acc/app/api.TagAdd (3 handlers)
[GIN-debug] PUT    /api/v1/tag/delete        --> acc/app/api.TagDelete (3 handlers)
[GIN-debug] POST   /api/v1/tag/update        --> acc/app/api.TagUpdate (3 handlers)
[GIN-debug] POST   /api/v1/tag/list/query/:page --> acc/app/api.TagQuery (3 handlers)
[GIN-debug] GET    /api/v1/tag/list/:page    --> acc/app/api.TagList (3 handlers)
[GIN-debug] GET    /api/v1/user/info         --> acc/app/api.UserGetInfo (4 handlers)
[GIN-debug] GET    /api/v1/user/list/:page   --> acc/app/api.UserList (4 handlers)
[GIN-debug] GET    /api/v1/user/token/parse  --> acc/app/api.UserTokenParse (4 handlers)
[GIN-debug] PUT    /api/v1/todo/delete       --> acc/app/api.TodoDelete (4 handlers)
[GIN-debug] POST   /api/v1/todo/update       --> acc/app/api.TodoUpdate (4 handlers)
[GIN-debug] POST   /api/v1/todo/list/query/:page --> acc/app/api.TodoQuery (4 handlers)
[GIN-debug] GET    /api/v1/todo/list/:page   --> acc/app/api.TodoList (4 handlers)
[GIN-debug] POST   /api/v1/todo/add          --> acc/app/api.TodoAdd (4 handlers)
[DEBUG][todoService.go:16]2022/11/10 20:20:32 [----> {0 1 0 0 string 0x14000694da0 2022-11-16 16:00:00 +0000 UTC}]
[DEBUG][todoService.go:34]2022/11/10 20:20:32 [Error 1062: Duplicate entry 'string' for key 'tag.name']
